2380 f  =    0.369507 THz     2.321684 2PiTHz   12.325443 cm-1     1.528159 meV
             X         Y         Z           dx          dy          dz
      0.949326  1.540975  2.124370     0.000452    0.000793    0.006217
      0.947523  1.538548  5.286904    -0.000140   -0.000238    0.006137
      3.663182 -0.026089  2.127645     0.001917    0.000002    0.007455
      3.657255 -0.026215  5.289418    -0.000680    0.000011    0.007370
      6.377876 -1.594475  2.135995     0.002965   -0.000509    0.010653
      6.368638 -1.591715  5.296917    -0.000964    0.000076    0.010534
      9.093946 -3.163853  2.149007     0.003241   -0.000611    0.014635
      9.083038 -3.158678  5.308123    -0.000967   -0.000033    0.014558
     11.810915 -4.733572  2.162716     0.002516   -0.000244    0.017994
     11.802083 -4.727858  5.320439    -0.000754   -0.000238    0.018082
     14.527762 -6.303052  2.171494     0.001205    0.000432    0.019841
     14.525090 -6.299197  5.328501    -0.000465   -0.000456    0.020052
     17.244522 -7.871665  2.171314    -0.000235    0.001263    0.019836
     17.249587 -7.871886  5.328269    -0.000159   -0.000633    0.020046
     19.961968 -9.439964  2.162124    -0.001473    0.002061    0.017979
     19.972137 -9.444075  5.319658     0.000172   -0.000774    0.018067
     22.679679-11.008242  2.147714    -0.002149    0.002505    0.014618
     22.690685-11.013975  5.306954     0.000451   -0.000855    0.014541
     25.397007-12.576027  2.134662    -0.001920    0.002318    0.010640
     25.404632-12.581350  5.295319     0.000538   -0.000802    0.010524
     28.112806-14.142752  2.126582    -0.000955    0.001665    0.007456
     28.115623-14.146810  5.288809     0.000337   -0.000586    0.007371
      0.950441  4.675520  2.129552     0.000237    0.002171    0.008343
      0.947818  4.668345  5.291510     0.000028   -0.000640    0.008254
      3.663988  3.109231  2.130416     0.001750    0.001295    0.008338
      3.657616  3.103754  5.292316    -0.000568   -0.000290    0.008246
      6.377916  1.542139  2.136227     0.002967    0.000517    0.010646
      6.368566  1.538956  5.297143    -0.000968   -0.000059    0.010528
      9.093232 -0.026219  2.146298     0.003515    0.000007    0.014278
      9.082014 -0.026518  5.305311    -0.001046    0.000005    0.014189
     11.809793 -1.595725  2.158210     0.003103   -0.000079    0.017914
     11.799705 -1.593418  5.315500    -0.000872   -0.000102    0.017968
     14.526590 -3.165872  2.167427     0.001944    0.000284    0.020469
     14.521572 -3.162472  5.323648    -0.000603   -0.000307    0.020674
     17.243835 -4.735620  2.170736     0.000570    0.001001    0.021418
     17.245361 -4.733836  5.326226    -0.000303   -0.000525    0.021658
     19.961989 -6.304239  2.166601    -0.000737    0.001831    0.020458
     19.968458 -6.306752  5.322463     0.000035   -0.000673    0.020663
     22.679985 -7.872005  2.156267    -0.001627    0.002653    0.017900
     22.688283 -7.879097  5.313341     0.000343   -0.000800    0.017953
     25.397755 -9.440281  2.143532    -0.001754    0.003050    0.014269
     25.403746 -9.449096  5.302747     0.000517   -0.000896    0.014180
     28.113864-11.007835  2.133801    -0.001039    0.002831    0.010650
     28.115608-11.016204  5.295100     0.000422   -0.000864    0.010533
      0.951912  7.811642  2.139986    -0.000063    0.002929    0.011897
      0.948561  7.800641  5.301033     0.000226   -0.000776    0.011784
      3.665586  6.244885  2.138736     0.001299    0.002266    0.010803
      3.658787  6.235268  5.300232    -0.000302   -0.000527    0.010693
      6.379342  4.678523  2.142405     0.002565    0.001413    0.011887
      6.369843  4.670581  5.302974    -0.000791   -0.000190    0.011774
      9.094092  3.111423  2.149599     0.003247    0.000623    0.014636
      9.083042  3.105737  5.308701    -0.000975    0.000042    0.014558
     11.809891  1.543317  2.158547     0.003106    0.000099    0.017921
     11.799777  1.540369  5.315840    -0.000876    0.000106    0.017975
     14.526161 -0.026151  2.165735     0.002227    0.000013    0.020736
     14.520288 -0.026473  5.321560    -0.000648    0.000000    0.020938
     17.243610 -1.596468  2.169110     0.001049    0.000396    0.022433
     17.242829 -1.595492  5.323956    -0.000367   -0.000209    0.022683
     19.962581 -3.166288  2.168510    -0.000197    0.001114    0.022425
     19.965108 -3.166938  5.323117     0.000003   -0.000419    0.022675
     22.681227 -4.734691  2.163629    -0.001114    0.001939    0.020717
     22.685278 -4.739933  5.319222     0.000321   -0.000551    0.020919
     25.398742 -6.302586  2.155277    -0.001475    0.002743    0.017904
     25.402149 -6.312410  5.312462     0.000522   -0.000692    0.017957
     28.114995 -7.870855  2.146069    -0.001086    0.003125    0.014631
     28.115496 -7.882322  5.305524     0.000514   -0.000811    0.014554
      0.952668 10.948881  2.154142    -0.000332    0.002729    0.015610
      0.949633 10.937172  5.313565     0.000395   -0.000640    0.015579
      3.666758  9.381004  2.151379     0.000735    0.002554    0.014062
      3.660860  9.370043  5.311529    -0.000023   -0.000586    0.013992
      6.381004  7.814167  2.152727     0.001841    0.001917    0.014060
      6.372509  7.804667  5.312698    -0.000497   -0.000317    0.013989
      9.095727  6.247691  2.157449     0.002530    0.001075    0.015612
      9.085855  6.239771  5.316615    -0.000764    0.000021    0.015582
     11.810994  4.681129  2.163663     0.002523    0.000259    0.018012
     11.802140  4.675012  5.321299    -0.000763    0.000244    0.018100
     14.526584  3.113475  2.168028     0.001948   -0.000261    0.020492
     14.521621  3.109559  5.324301    -0.000607    0.000310    0.020697
     17.243580  1.544284  2.169475     0.001051   -0.000367    0.022448
     17.242827  1.542726  5.324216    -0.000367    0.000210    0.022698
     19.962869 -0.026077  2.169006    -0.000002    0.000015    0.023195
     19.963744 -0.026316  5.323014     0.000002    0.000001    0.023462
     22.682421 -1.595920  2.167703    -0.000857    0.000733    0.022428
     22.683107 -1.597808  5.322232     0.000367   -0.000209    0.022677
     25.400201 -3.164601  2.164804    -0.001208    0.001561    0.020463
     25.400398 -3.170914  5.320780     0.000568   -0.000360    0.020669
     28.115870 -4.732802  2.159601    -0.001039    0.002316    0.017992
     28.115176 -4.743129  5.317497     0.000585   -0.000525    0.018079
      0.952747 14.086550  2.166582    -0.000471    0.001598    0.018254
      0.950586 14.078756  5.324658     0.000469   -0.000347    0.018371
      3.666787 12.517651  2.164095     0.000275    0.001969    0.016988
      3.663278 12.509160  5.322816     0.000163   -0.000459    0.017048
      6.381612 10.949712  2.163911     0.001033    0.001785    0.016465
      6.375975 10.942164  5.322542    -0.000215   -0.000374    0.016532
      9.097146  9.382475  2.166439     0.001573    0.001220    0.016995
      9.089971  9.376261  5.324912    -0.000481   -0.000092    0.017054
     11.812636  7.816591  2.170310     0.001624    0.000386    0.018272
     11.806260  7.811415  5.328280    -0.000545    0.000233    0.018389
     14.527802  6.250701  2.172508     0.001212   -0.000419    0.019877
     14.525178  6.246551  5.329592    -0.000471    0.000462    0.020088
     17.243860  4.683444  2.171582     0.000573   -0.000981    0.021455
     17.245420  4.681218  5.327101    -0.000303    0.000530    0.021695
     19.962550  3.114254  2.169050    -0.000197   -0.001089    0.022452
     19.965183  3.114416  5.323658     0.000007    0.000424    0.022702
     22.682439  1.543845  2.167900    -0.000857   -0.000706    0.022440
     22.683148  1.545308  5.322529     0.000370    0.000215    0.022690
     25.400960 -0.026068  2.168549    -0.001142    0.000013    0.021426
     25.399610 -0.026252  5.324057     0.000611    0.000003    0.021665
     28.116534 -1.594982  2.168571    -0.000967    0.000844    0.019847
     28.114776 -1.599293  5.325538     0.000632   -0.000171    0.020057
      0.952516 17.223810  2.171725    -0.000490    0.000009    0.019166
      0.950984 17.223780  5.329246     0.000486    0.000001    0.019384
      3.665951 15.654825  2.172205     0.000045    0.000751    0.018715
      3.664951 15.651806  5.329750     0.000226   -0.000179    0.018868
      6.381060 14.085794  2.171970     0.000505    0.001128    0.018473
      6.379045 14.082374  5.329125    -0.000035   -0.000284    0.018587
      9.097646 12.517162  2.172839     0.000736    0.000995    0.018479
      9.094111 12.514851  5.330216    -0.000227   -0.000174    0.018593
     11.814054 10.950561  2.174908     0.000637    0.000409    0.018730
     11.810890 10.949138  5.332525    -0.000266    0.000107    0.018883
     14.529305  9.385092  2.175429     0.000257   -0.000430    0.019189
     14.529655  9.384213  5.333131    -0.000239    0.000425    0.019407
     17.244477  7.819496  2.172614    -0.000231   -0.001255    0.019880
     17.249584  7.819605  5.329352    -0.000158    0.000642    0.020091
     19.961879  6.252036  2.167581    -0.000737   -0.001816    0.020499
     19.968519  6.254299  5.323457     0.000042    0.000681    0.020704
     22.681184  4.682649  2.164448    -0.001115   -0.001921    0.020746
     22.685386  4.687591  5.319833     0.000330    0.000560    0.020948
     25.400092  3.112278  2.165235    -0.001207   -0.001539    0.020481
     25.400458  3.118345  5.321158     0.000573    0.000368    0.020687
     28.116476  1.542473  2.168724    -0.000965   -0.000822    0.019855
     28.114847  1.546620  5.325656     0.000634    0.000176    0.020067
      0.952619 20.361116  2.166649    -0.000468   -0.001582    0.018270
      0.950627 20.368879  5.324753     0.000473    0.000348    0.018387
      3.665924 18.792525  2.172161     0.000047   -0.000740    0.018721
      3.665036 18.795715  5.329684     0.000229    0.000178    0.018874
      6.380585 17.223818  2.174604     0.000319    0.000002    0.019262
      6.380273 17.224028  5.331187     0.000026    0.000001    0.019406
      9.097696 15.654308  2.175604     0.000238    0.000395    0.019503
      9.096655 15.654177  5.331653    -0.000047   -0.000087    0.019646
     11.815165 14.086029  2.176096    -0.000145    0.000268    0.019271
     11.814317 14.086861  5.332874    -0.000004    0.000022    0.019415
     14.531147 12.519436  2.175061    -0.000657   -0.000341    0.018732
     14.533622 12.521129  5.332798     0.000054    0.000290    0.018885
     17.245754 10.953965  2.170441    -0.001133   -0.001211    0.018275
     17.253516 10.956495  5.328429     0.000082    0.000592    0.018393
     19.961927  9.387808  2.163236    -0.001473   -0.002057    0.018018
     19.972291  9.391990  5.320782     0.000179    0.000784    0.018107
     22.679882  7.819906  2.157236    -0.001627   -0.002642    0.017932
     22.688420  7.826932  5.314292     0.000353    0.000809    0.017987
     25.398589  6.250359  2.155872    -0.001471   -0.002728    0.017930
     25.402312  6.260047  5.313176     0.000530    0.000700    0.017984
     28.115705  4.680344  2.159944    -0.001034   -0.002299    0.018014
     28.115314  4.690612  5.317697     0.000590    0.000531    0.018102
      0.952498 23.498711  2.154234    -0.000325   -0.002716    0.015638
      0.949705 23.510396  5.313667     0.000401    0.000645    0.015608
      3.666644 21.929787  2.163987     0.000276   -0.001958    0.017009
      3.663439 21.938394  5.322615     0.000169    0.000458    0.017069
      6.380918 20.361839  2.171552     0.000503   -0.001122    0.018480
      6.379133 20.365536  5.328827    -0.000028    0.000285    0.018594
      9.097624 18.792918  2.175249     0.000236   -0.000395    0.019501
      9.096626 18.793581  5.331409    -0.000043    0.000093    0.019644
     11.815671 17.223749  2.175805    -0.000446   -0.000003    0.019503
     11.815636 17.224039  5.332205     0.000114    0.000005    0.019645
     14.532421 15.655388  2.173312    -0.001214   -0.000136    0.018480
     14.535677 15.656644  5.331052     0.000279    0.000116    0.018593
     17.247293 14.088765  2.166970    -0.001828   -0.000752    0.016996
     17.256107 14.091133  5.325653     0.000335    0.000376    0.017055
     19.962655 12.522695  2.157602    -0.002183   -0.001658    0.015615
     19.974874 12.526497  5.316588     0.000376    0.000674    0.015587
     22.679556 10.956137  2.148673    -0.002149   -0.002506    0.014647
     22.690782 10.962057  5.307809     0.000459    0.000864    0.014570
     25.397485  9.387919  2.144268    -0.001749   -0.003047    0.014296
     25.403851  9.396819  5.303380     0.000525    0.000905    0.014207
     28.114716  7.818505  2.146481    -0.001078   -0.003116    0.014659
     28.115634  7.829903  5.305822     0.000521    0.000819    0.014583
      0.951698 26.636074  2.140115    -0.000053   -0.002922    0.011928
      0.948650 26.647059  5.301201     0.000232    0.000785    0.011815
      3.666518 25.066492  2.151173     0.000738   -0.002545    0.014092
      3.661063 25.077509  5.311298    -0.000015    0.000591    0.014022
      6.381360 23.497951  2.163208     0.001029   -0.001780    0.016483
      6.376095 23.505687  5.322092    -0.000203    0.000376    0.016548
      9.097502 21.930111  2.172189     0.000729   -0.000993    0.018475
      9.094187 21.932804  5.329382    -0.000216    0.000179    0.018588
     11.815084 20.361445  2.175472    -0.000149   -0.000272    0.019258
     11.814274 20.361147  5.332301     0.000002   -0.000012    0.019401
     14.532466 18.792141  2.173087    -0.001216    0.000127    0.018469
     14.535740 18.791510  5.330638     0.000280   -0.000104    0.018582
     17.247922 17.223885  2.165197    -0.002048   -0.000005    0.016460
     17.256958 17.224218  5.324076     0.000449    0.000006    0.016527
     19.963511 15.656935  2.153607    -0.002566   -0.000643    0.014057
     19.976211 15.658534  5.313756     0.000538    0.000276    0.013986
     22.679739 14.090657  2.142304    -0.002491   -0.001525    0.011895
     22.691988 14.093895  5.303075     0.000569    0.000592    0.011779
     25.396859 12.523803  2.135097    -0.001916   -0.002322    0.010661
     25.404785 12.529307  5.295952     0.000543    0.000809    0.010543
     28.113619 10.955502  2.134168    -0.001029   -0.002829    0.010674
     28.115696 10.963947  5.295395     0.000428    0.000874    0.010557
      0.950258 29.772145  2.129680     0.000246   -0.002167    0.008367
      0.947872 29.779348  5.291627     0.000032    0.000654    0.008278
      3.665324 28.202758  2.138563     0.001303   -0.002258    0.010831
      3.658986 28.212266  5.300019    -0.000294    0.000538    0.010723
      6.380740 26.633459  2.151979     0.001836   -0.001909    0.014079
      6.372657 26.642950  5.312062    -0.000484    0.000324    0.014008
      9.096894 25.064908  2.165436     0.001563   -0.001214    0.016992
      9.089982 25.071201  5.323959    -0.000467    0.000096    0.017052
     11.813981 23.496971  2.173856     0.000630   -0.000407    0.018709
     11.810845 23.498621  5.331551    -0.000257   -0.000099    0.018862
     14.531100 21.928142  2.174153    -0.000660    0.000337    0.018705
     14.533565 21.926851  5.331951     0.000057   -0.000279    0.018857
     17.247339 20.359078  2.166250    -0.001829    0.000744    0.016974
     17.256128 20.357232  5.325068     0.000334   -0.000365    0.017034
     19.963470 18.790837  2.153327    -0.002566    0.000633    0.014047
     19.976089 18.789765  5.313439     0.000536   -0.000268    0.013976
     22.679902 17.223961  2.140056    -0.002599   -0.000005    0.010792
     22.692363 17.224187  5.301118     0.000618    0.000004    0.010682
     25.396462 15.657474  2.130420    -0.001984   -0.000880    0.008341
     25.404978 15.659331  5.292241     0.000542    0.000350    0.008250
     28.112679 14.090461  2.126815    -0.000948   -0.001666    0.007470
     28.115693 14.094649  5.289053     0.000340    0.000597    0.007385
      0.949210 32.906746  2.124412     0.000455   -0.000791    0.006227
      0.947529 32.909223  5.287003    -0.000138    0.000257    0.006146
      3.663824 31.338512  2.130332     0.001752   -0.001290    0.008356
      3.657733 31.343836  5.292160    -0.000564    0.000309    0.008265
      6.379027 29.769161  2.141761     0.002559   -0.001405    0.011905
      6.369900 29.776828  5.302524    -0.000781    0.000203    0.011791
      9.095549 28.199753  2.156539     0.002521   -0.001066    0.015611
      9.085893 28.207482  5.315633    -0.000750   -0.000014    0.015582
     11.812442 26.630934  2.169171     0.001615   -0.000378    0.018250
     11.806125 26.636067  5.327224    -0.000533   -0.000226    0.018367
     14.529300 25.062468  2.174380     0.000250    0.000434    0.019151
     14.529664 25.063450  5.331939    -0.000234   -0.000416    0.019369
     17.245765 23.493785  2.169364    -0.001135    0.001210    0.018237
     17.253509 23.491544  5.327333     0.000080   -0.000581    0.018355
     19.962811 21.925037  2.156709    -0.002183    0.001652    0.015587
     19.974882 21.921662  5.315843     0.000370   -0.000665    0.015558
     22.679779 20.357175  2.141835    -0.002492    0.001518    0.011877
     22.691929 20.354358  5.302515     0.000566   -0.000586    0.011763
     25.396615 18.790192  2.130119    -0.001984    0.000873    0.008334
     25.405043 18.788656  5.292159     0.000540   -0.000343    0.008243
     28.112245 17.223858  2.124616    -0.000904   -0.000002    0.006217
     28.115603 17.223983  5.286736     0.000280    0.000007    0.006140
      1.852362 -0.026024  3.703730     0.000541    0.000010    0.010607
      4.564444 -1.592564  3.709405     0.001274   -0.000418    0.014659
      7.278781 -3.159905  3.720619     0.001754   -0.000708    0.021124
      9.995390 -4.728556  3.734744     0.001656   -0.000739    0.027859
     12.714393 -6.298545  3.746889     0.000984   -0.000431    0.032657
     15.434645 -7.869173  3.751471     0.000038    0.000065    0.034338
     18.155195 -9.439815  3.746455    -0.000865    0.000637    0.032638
     20.874219-11.009380  3.734259    -0.001469    0.001064    0.027826
     23.591364-12.577898  3.719760    -0.001493    0.001163    0.021091
     26.305542-14.144350  3.708505    -0.001006    0.000891    0.014640
     29.018018-15.710540  3.703212    -0.000270    0.000474    0.010611
      1.852408  3.106123  3.706348     0.000518    0.000909    0.012407
      4.564642  1.540172  3.709478     0.001272    0.000441    0.014643
      7.278206 -0.026314  3.717310     0.001875    0.000011    0.020171
      9.993737 -1.593723  3.729068     0.001997   -0.000274    0.027026
     12.711852 -3.162565  3.741042     0.001485   -0.000277    0.032876
     15.431934 -4.732678  3.747936     0.000615    0.000025    0.036126
     18.152645 -6.303529  3.747382    -0.000294    0.000550    0.036117
     20.872568 -7.873968  3.739626    -0.000991    0.001154    0.032852
     23.590381 -9.443670  3.727260    -0.001246    0.001600    0.027003
     26.305383-11.011753  3.715068    -0.000939    0.001634    0.020166
     29.018701-12.578309  3.707778    -0.000266    0.001325    0.014654
      1.853442  6.239226  3.714734     0.000441    0.001602    0.017333
      4.565800  4.673304  3.715784     0.001162    0.001188    0.017311
      7.278856  3.107468  3.720979     0.001752    0.000728    0.021108
      9.993637  1.541163  3.729385     0.001997    0.000294    0.027031
     12.710903 -0.026272  3.738755     0.001685    0.000011    0.033014
     15.429955 -1.595161  3.744972     0.000980    0.000012    0.037319
     18.150504 -3.165650  3.746510     0.000180    0.000326    0.038937
     20.870990 -4.736441  3.743469    -0.000492    0.000864    0.037296
     23.589509 -6.307103  3.736114    -0.000847    0.001478    0.032985
     26.305300 -7.876273  3.726192    -0.000756    0.001889    0.027014
     29.018854 -9.444141  3.718084    -0.000255    0.001888    0.021119
      1.854344  9.374598  3.727532     0.000341    0.001852    0.023707
      4.567205  7.808068  3.726605     0.000925    0.001604    0.022046
      7.280628  6.241738  3.729617     0.001430    0.001221    0.023692
      9.995473  4.676047  3.735527     0.001654    0.000756    0.027870
     12.711804  3.109984  3.741731     0.001484    0.000297    0.032905
     15.430008  1.542673  3.745324     0.000981    0.000012    0.037342
     18.149819 -0.026155  3.746267     0.000365    0.000013    0.040058
     20.869942 -1.596653  3.745308    -0.000182    0.000331    0.040041
     23.588659 -3.167660  3.742781    -0.000491    0.000867    0.037300
     26.304849 -4.737928  3.737853    -0.000495    0.001449    0.032866
     29.019140 -6.307260  3.731758    -0.000179    0.001823    0.027857
      1.855033 12.512896  3.741136     0.000255    0.001450    0.029391
      4.568756 10.944849  3.739162     0.000648    0.001497    0.027322
      7.282958  9.377459  3.740189     0.000974    0.001307    0.027324
      9.998026  7.811862  3.744062     0.001125    0.000940    0.029401
     12.714245  6.246090  3.748042     0.000984    0.000447    0.032704
     15.431907  4.680397  3.748972     0.000617   -0.000006    0.036186
     18.150439  3.113249  3.747227     0.000184   -0.000303    0.038986
     20.869850  1.544167  3.745708    -0.000180   -0.000304    0.040065
     23.588423 -0.026309  3.745325    -0.000360    0.000014    0.038946
     26.304875 -1.597129  3.745128    -0.000318    0.000541    0.036130
     29.019280 -3.167469  3.743737    -0.000106    0.001085    0.032661
      1.855358 15.653177  3.749706     0.000189    0.000552    0.032655
      4.569693 14.083749  3.749061     0.000419    0.000890    0.031425
      7.284595 12.514923  3.748805     0.000552    0.000945    0.030941
     10.000696 10.948220  3.750783     0.000570    0.000801    0.031443
     12.717460  9.382090  3.753383     0.000387    0.000434    0.032690
     15.434792  7.816949  3.752609     0.000040   -0.000051    0.034410
     18.152601  6.251329  3.748452    -0.000288   -0.000532    0.036193
     20.870887  4.684100  3.744292    -0.000485   -0.000841    0.037356
     23.588706  3.115252  3.743118    -0.000485   -0.000841    0.037336
     26.304763  1.544786  3.745160    -0.000315   -0.000515    0.036146
     29.019342 -0.025869  3.748484    -0.000059    0.000010    0.034361
      1.855374 18.794321  3.749667     0.000193   -0.000538    0.032668
      4.569894 17.224103  3.752616     0.000345    0.000003    0.033007
      7.285776 15.653807  3.753089     0.000336    0.000356    0.033350
     10.002663 14.085932  3.753918     0.000156    0.000460    0.033360
     12.720034 12.518484  3.755156    -0.000153    0.000293    0.033031
     15.437640 10.953029  3.753316    -0.000548   -0.000110    0.032694
     18.154928  9.387585  3.747602    -0.000859   -0.000625    0.032712
     20.872457  7.821950  3.740750    -0.000982   -0.001137    0.032921
     23.589251  6.254507  3.736825    -0.000837   -0.001457    0.033036
     26.304957  4.685708  3.738243    -0.000487   -0.001427    0.032904
     29.019353  3.115665  3.743856    -0.000101   -0.001066    0.032690
      1.854930 21.934760  3.740995     0.000262   -0.001437    0.029431
      4.569589 20.364342  3.748876     0.000423   -0.000882    0.031446
      7.285739 18.793368  3.752998     0.000338   -0.000351    0.033353
     10.003212 17.224055  3.754406     0.000015    0.000002    0.034164
     12.721571 15.655390  3.754621    -0.000451    0.000107    0.033360
     15.439711 14.088459  3.751442    -0.000953   -0.000085    0.031447
     18.157265 12.522730  3.744338    -0.001353   -0.000502    0.029408
     20.874077 10.957350  3.735252    -0.001462   -0.001057    0.027883
     23.590344  9.391384  3.728071    -0.001235   -0.001589    0.027054
     26.305311  7.824247  3.726692    -0.000744   -0.001874    0.027062
     29.019125  6.255278  3.732232    -0.000168   -0.001807    0.027903
      1.854324 25.073080  3.727389     0.000352   -0.001838    0.023762
      4.568525 23.503051  3.738789     0.000655   -0.001488    0.027366
      7.284705 21.932231  3.748404     0.000557   -0.000939    0.030953
     10.002684 20.362450  3.753366     0.000158   -0.000455    0.033347
     12.721614 18.792346  3.754296    -0.000451   -0.000102    0.033345
     15.440422 17.224241  3.749986    -0.001067    0.000001    0.030937
     18.158156 15.656964  3.741194    -0.001592   -0.000188    0.027321
     20.875147 14.091216  3.730306    -0.001749   -0.000631    0.023695
     23.591056 12.525670  3.720328    -0.001486   -0.001161    0.021128
     26.305489 10.959620  3.715589    -0.000927   -0.001627    0.020206
     29.018829  9.392112  3.718559    -0.000242   -0.001876    0.021168
      1.853239 28.208538  3.714576     0.000451   -0.001587    0.017386
      4.566945 26.639836  3.726199     0.000932   -0.001590    0.022097
      7.282922 25.069882  3.739462     0.000980   -0.001297    0.027346
     10.000616 23.499638  3.749870     0.000573   -0.000793    0.031425
     12.720126 21.929245  3.754274    -0.000152   -0.000286    0.032991
     15.439630 20.359502  3.750768    -0.000954    0.000089    0.031409
     18.158375 18.790918  3.740843    -0.001593    0.000190    0.027302
     20.875775 17.224093  3.727950    -0.001828   -0.000001    0.022029
     23.591544 15.658216  3.716129    -0.001590   -0.000418    0.017312
     26.305397 14.092356  3.708718    -0.000999   -0.000888    0.014663
     29.018697 12.526256  3.708143    -0.000255   -0.001314    0.014691
      1.852374 31.341710  3.706278     0.000524   -0.000891    0.012440
      4.565730 29.774420  3.715467     0.001166   -0.001169    0.017356
      7.280537 28.205475  3.729012     0.001434   -0.001205    0.023717
      9.998111 26.636057  3.742894     0.001128   -0.000929    0.029388
     12.717579 25.065444  3.752145     0.000388   -0.000423    0.032640
     15.437685 23.495152  3.752133    -0.000550    0.000118    0.032631
     18.157099 21.925265  3.743373    -0.001357    0.000507    0.029354
     20.875377 20.357005  3.729587    -0.001752    0.000631    0.023664
     23.591220 18.789658  3.715886    -0.001592    0.000417    0.017296
     26.305706 17.223990  3.706461    -0.001034    0.000001    0.012405
     29.018101 15.658351  3.703296    -0.000266   -0.000462    0.010626
      0.882440  1.423958 23.946829    -0.003941   -0.006881   -0.092513
      3.395143 -0.027666 23.936393    -0.015570   -0.000041   -0.084576
      5.898822 -1.474493 23.912310    -0.023196    0.004950   -0.063026
      8.391648 -2.913827 23.882158    -0.024670    0.006827   -0.032798
     10.873458 -4.347969 23.853776    -0.020360    0.005597   -0.003645
     13.347572 -5.778013 23.834433    -0.012170    0.001640    0.016529
     15.818258 -7.204430 23.827706    -0.002161   -0.003822    0.023625
     18.289153 -8.630242 23.834770     0.007611   -0.009716    0.016508
     20.764836-10.057722 23.854611     0.015166   -0.014792   -0.003663
     23.248915-11.488795 23.882657     0.018401   -0.017900   -0.032829
     25.742515-12.927617 23.913302     0.016030   -0.017563   -0.063118
     28.247714-14.373522 23.937392     0.007851   -0.013468   -0.084702
      0.880481  4.321043 23.930433    -0.002957   -0.018487   -0.077006
      3.392485  2.869780 23.929347    -0.014451   -0.011860   -0.076914
      5.898696  1.418954 23.912145    -0.023176   -0.005056   -0.063019
      8.395269 -0.026537 23.885448    -0.026565   -0.000055   -0.037755
     10.880759 -1.466818 23.856642    -0.023975    0.002078   -0.009116
     13.357515 -2.901448 23.833045    -0.017108    0.000999    0.014167
     15.829294 -4.330544 23.820172    -0.007852   -0.002762    0.027039
     18.300205 -5.756938 23.820227     0.001702   -0.008257    0.027034
     20.774889 -7.182577 23.833789     0.009626   -0.014379    0.014163
     23.256667 -8.609222 23.857839     0.014000   -0.019782   -0.009118
     25.747239-10.041993 23.886981     0.013426   -0.023107   -0.037820
     28.248325-11.481136 23.913781     0.007355   -0.022660   -0.063177
      0.877557  7.206474 23.903221    -0.001410   -0.024326   -0.050350
      3.386207  5.759594 23.910058    -0.011433   -0.019858   -0.056457
      5.892315  4.309264 23.901594    -0.020248   -0.013391   -0.050170
      8.391291  2.860704 23.881692    -0.024633   -0.006918   -0.032772
     10.880565  1.414686 23.856339    -0.023957   -0.002212   -0.009104
     13.361128 -0.025675 23.831869    -0.018942   -0.000086    0.013319
     15.835627 -1.459329 23.814307    -0.011170   -0.001053    0.028969
     18.308102 -2.888609 23.807740    -0.002601   -0.004750    0.034584
     20.783219 -4.315238 23.814508     0.004907   -0.010322    0.028985
     23.264048 -5.740164 23.832949     0.009641   -0.016585    0.013358
     25.752153 -7.168628 23.858418     0.010262   -0.022013   -0.009087
     28.249537 -8.601986 23.883632     0.006455   -0.024950   -0.032863
      0.875116 10.079070 23.873299    -0.000076   -0.023126   -0.019823
      3.379216  8.638132 23.883892    -0.007560   -0.021819   -0.029025
      5.882562  7.192184 23.883177    -0.015087   -0.017423   -0.028986
      8.381189  5.744464 23.871430    -0.019864   -0.011580   -0.019719
     10.872993  4.295534 23.853002    -0.020318   -0.005690   -0.003611
     13.357318  2.849954 23.832379    -0.017087   -0.001146    0.014194
     15.835600  1.410553 23.813945    -0.011164    0.000885    0.028991
     18.310951 -0.023466 23.802520    -0.004166   -0.000088    0.037328
     20.787794 -1.453204 23.802612     0.002245   -0.003790    0.037346
     23.269273 -2.879275 23.814512     0.006586   -0.009382    0.029056
     25.756251 -4.306067 23.834213     0.007751   -0.015553    0.014274
     28.250959 -5.735351 23.855119     0.005341   -0.020631   -0.003589
      0.873678 12.941022 23.848205     0.000726   -0.016160    0.005808
      3.374032 11.505904 23.857383    -0.004461   -0.018126   -0.002912
      5.872985 10.066034 23.860251    -0.009732   -0.016802   -0.006185
      8.368892  8.622575 23.856053    -0.013438   -0.012851   -0.002915
     10.860645  7.174488 23.846233    -0.014248   -0.007391    0.005805
     13.347295  5.726137 23.833337    -0.012144   -0.001724    0.016579
     15.829249  4.281528 23.819200    -0.007843    0.002640    0.027103
     18.308190  2.841526 23.807159    -0.002606    0.004596    0.034648
     20.787883  1.406845 23.802323     0.002236    0.003616    0.037383
     23.271195 -0.022449 23.807563     0.005499   -0.000088    0.034713
     25.758715 -1.450265 23.820604     0.006381   -0.005621    0.027213
     28.252264 -2.877793 23.835085     0.004675   -0.011538    0.016677
      0.872919 15.796518 23.834154     0.001222   -0.005799    0.019871
      3.370873 14.365779 23.837143    -0.002503   -0.010112    0.015883
      5.866104 12.931582 23.837914    -0.005681   -0.011923    0.013089
      8.358358 11.493827 23.837183    -0.007569   -0.010792    0.013071
     10.847701 10.049839 23.835579    -0.007523   -0.007126    0.015831
     13.334225  8.602436 23.832236    -0.005582   -0.001786    0.019778
     15.818279  7.154978 23.826354    -0.002163    0.003778    0.023716
     18.300431  5.709406 23.819217     0.001680    0.008167    0.027144
     20.783497  4.268667 23.813703     0.004874    0.010192    0.029084
     23.269451  2.834303 23.813951     0.006562    0.009225    0.029133
     25.758761  1.403357 23.820453     0.006368    0.005451    0.027258
     28.252941 -0.024708 23.827797     0.004411   -0.000075    0.023840
      0.872919 18.649830 23.834112     0.001211    0.005707    0.019910
      3.369687 17.222061 23.830013    -0.001744   -0.000014    0.022572
      5.862581 15.792164 23.823877    -0.003520   -0.004256    0.024257
      8.351824 14.359560 23.820557    -0.003617   -0.006066    0.024736
     10.837810 12.921005 23.822925    -0.002066   -0.005055    0.024225
     13.322077 11.477630 23.828281     0.000773   -0.001414    0.022494
     15.805819 10.030861 23.832072     0.004307    0.003961    0.019798
     18.289514  8.582049 23.833567     0.007568    0.009719    0.016639
     20.775349  7.135604 23.832635     0.009566    0.014333    0.014307
     23.264384  5.694945 23.831990     0.009590    0.016488    0.013501
     25.756387  4.258985 23.833808     0.007713    0.015413    0.014407
     28.252342  2.828378 23.834790     0.004649    0.011397    0.016763
      0.873700 21.505277 23.848091     0.000695    0.016076    0.005916
      3.370943 20.078382 23.837116    -0.002523    0.010083    0.015931
      5.862662 18.651526 23.824027    -0.003523    0.004292    0.024260
      8.349816 17.222898 23.813393    -0.002249    0.000037    0.029113
     10.832837 15.789273 23.813308     0.000946   -0.001794    0.029104
     13.313961 14.351255 23.822760     0.005283   -0.000778    0.024230
     15.795345 12.908462 23.835050     0.009844    0.002969    0.015848
     18.278345 11.460096 23.846185     0.013482    0.008700    0.005864
     20.765399 10.010252 23.853370     0.015089    0.014856   -0.003499
     23.257138  8.563604 23.856724     0.013926    0.019782   -0.008929
     25.752393  7.121190 23.857778     0.010200    0.021933   -0.008884
     28.251102  5.685910 23.854589     0.005293    0.020520   -0.003432
      0.875182 24.367152 23.873128    -0.000126    0.023056   -0.019675
      3.374157 22.938365 23.857361    -0.004497    0.018093   -0.002837
      5.866318 21.512188 23.838373    -0.005706    0.011943    0.013121
      8.352042 20.086327 23.820969    -0.003633    0.006132    0.024736
     10.832914 18.656379 23.813557     0.000942    0.001900    0.029093
     13.311190 17.223302 23.820528     0.006908    0.000072    0.024715
     15.789490 15.786042 23.836523     0.012989    0.001182    0.013063
     18.270126 14.341849 23.855510     0.017749    0.005272   -0.002884
     20.756346 12.892718 23.871360     0.019919    0.011510   -0.019641
     23.249407 11.442707 23.881626     0.018323    0.018013   -0.032636
     25.747564  9.994139 23.886196     0.013350    0.023118   -0.037587
     28.249723  8.552450 23.882999     0.006388    0.024891   -0.032661
      0.877663 27.239644 23.903005    -0.001473    0.024273   -0.050203
      3.379413 25.806296 23.883889    -0.007613    0.021779   -0.028963
      5.873321 24.377879 23.860836    -0.009776    0.016798   -0.006153
      8.358779 22.952308 23.837944    -0.007608    0.010833    0.013071
     10.838042 21.524918 23.823624    -0.002084    0.005135    0.024195
     13.314006 20.095478 23.823347     0.005288    0.000900    0.024191
     15.789414 18.663334 23.836895     0.012998   -0.001004    0.013032
     18.267044 17.225240 23.859219     0.019271    0.000109   -0.006200
     20.750905 15.780764 23.882663     0.022530    0.004464   -0.028947
     23.243512 14.331520 23.901128     0.021685    0.010985   -0.050084
     25.742804 12.879370 23.912621     0.015957    0.017676   -0.062937
     28.248518 11.431454 23.913188     0.007278    0.022665   -0.062993
      0.880595 30.125014 23.930281    -0.003021    0.018452   -0.076906
      3.386408 28.684975 23.910102    -0.011490    0.019800   -0.056411
      5.882955 27.251935 23.883715    -0.015141    0.017393   -0.028991
      8.369477 25.823879 23.856913    -0.013497    0.012848   -0.002930
     10.848104 24.396582 23.836558    -0.007556    0.007156    0.015799
     13.322205 22.969467 23.829329     0.000771    0.001483    0.022438
     15.795186 21.541152 23.836076     0.009864   -0.002841    0.015774
     18.269837 20.108804 23.856151     0.017781   -0.005088   -0.002965
     20.750718 18.671096 23.883036     0.022554   -0.004219   -0.028999
     23.241054 17.226655 23.909127     0.022857    0.000132   -0.056363
     25.739772 15.775481 23.929386     0.017484    0.006714   -0.076840
     28.247842 14.323660 23.937029     0.007794    0.013529   -0.084605
      0.882490 33.022068 23.946775    -0.003968    0.006863   -0.092478
      3.392615 31.574866 23.929390    -0.014492    0.011783   -0.076892
      5.892648 30.135048 23.901999    -0.020294    0.013317   -0.050197
      8.381777 28.702256 23.872180    -0.019919    0.011530   -0.019767
     10.861175 27.272538 23.847205    -0.014294    0.007357    0.005759
     13.334458 25.845172 23.833462    -0.005598    0.001779    0.019717
     15.805694 24.419181 23.833449     0.004323   -0.003914    0.019702
     18.277935 22.991039 23.847252     0.013531   -0.008595    0.005732
     20.755866 21.559389 23.872320     0.019982   -0.011340   -0.019785
     23.243189 20.121965 23.901761     0.021740   -0.010765   -0.050194
     25.739652 18.676044 23.929670     0.017514   -0.006534   -0.076905
     28.247620 17.225033 23.946564     0.007962    0.000042   -0.092488
      1.700873 -0.027210 18.948747     0.002794   -0.000004   -0.118781
      0.044635 -0.025631 21.463923     0.000001    0.000037   -0.121077
      4.187285 -1.462940 18.929399     0.006351   -0.002293   -0.098209
      2.539821 33.031682 21.452321    -0.004793    0.002600   -0.110350
      6.675146 -2.900090 18.896762     0.008416   -0.003762   -0.063675
      5.034395 31.590745 21.423513    -0.007921    0.004004   -0.081687
      9.165589 -4.337794 18.860474     0.008377   -0.003897   -0.025526
      7.526761 30.152708 21.386636    -0.008563    0.004148   -0.043937
     11.657806 -5.776685 18.828617     0.006223   -0.002669    0.006034
     10.014442 28.715331 21.351693    -0.007055    0.003284   -0.008121
     14.150301 -7.215700 18.809515     0.002546   -0.000509    0.023648
     12.498600 27.279306 21.326360    -0.004069    0.001644    0.016708
     16.643148 -8.653780 18.809690    -0.001700    0.001947    0.023636
     14.981736 25.846207 21.316877    -0.000284   -0.000485    0.025503
     19.136201-10.092557 18.828865    -0.005406    0.004052    0.005996
     17.465193 24.412868 21.326414     0.003478   -0.002665    0.016682
     21.629137-11.529860 18.860952    -0.007544    0.005299   -0.025602
     19.951072 22.979135 21.351735     0.006414   -0.004400   -0.008153
     24.120368-12.966008 18.898209    -0.007444    0.005396   -0.063797
     22.440213-12.955197 21.387050     0.007927   -0.005270   -0.043975
     26.608561-14.403600 18.930418    -0.005136    0.004346   -0.098334
     24.932591-14.392463 21.424061     0.007466   -0.004793   -0.081775
     29.094483-15.839847 18.949321    -0.001375    0.002403   -0.118841
     27.427464-15.833303 21.452860     0.004660   -0.002814   -0.110418
      1.701100  2.843271 18.940014     0.002758    0.004674   -0.108426
      0.044621  2.855762 21.453240     0.000177   -0.005462   -0.110488
      4.187045  1.408130 18.929279     0.006384    0.002255   -0.098209
      2.539686  1.413165 21.452313    -0.004767   -0.002628   -0.110368
      6.674384 -0.027695 18.902832     0.008864   -0.000027   -0.071052
      5.034705 -0.028378 21.430881    -0.008532   -0.000042   -0.090506
      9.164494 -1.463841 18.869002     0.009479   -0.001463   -0.035373
      7.528258 -1.467402 21.397065    -0.009832    0.001481   -0.056893
     11.656424 -2.901591 18.835163     0.008022   -0.001595   -0.001288
     10.017236 -2.906234 21.360920    -0.008946    0.001846   -0.019751
     14.148734 -4.340149 18.809753     0.004918   -0.000435    0.022694
     12.502267 -4.344039 21.330318    -0.006380    0.001133    0.010626
     16.641169 -5.778099 18.800820     0.000986    0.001621    0.031262
     14.985713 -5.778502 21.313193    -0.002773   -0.000474    0.027381
     19.133872 -7.217199 18.810816    -0.002761    0.004001    0.022656
     17.468780 -7.212276 21.313637     0.001067   -0.002676    0.027370
     21.626972 -8.655278 18.836481    -0.005319    0.006108   -0.001381
     19.953967 -8.645305 21.331204     0.004287   -0.004971    0.010577
     24.118585-10.092580 18.871532    -0.005931    0.007430   -0.035549
     22.442186-10.077784 21.362235     0.006194   -0.006822   -0.019839
     26.607580-11.531416 18.905946    -0.004377    0.007616   -0.071292
     24.933581-11.513059 21.399349     0.006303   -0.007772   -0.057078
     29.094286-12.968913 18.931518    -0.001155    0.006610   -0.098392
     27.427697-12.952514 21.432922     0.004313   -0.007407   -0.090760
      1.702042  5.715434 18.915679     0.002519    0.008145   -0.080654
      0.044885  5.735880 21.425472     0.000510   -0.008920   -0.081938
      4.187937  4.279914 18.914089     0.005915    0.006183   -0.080550
      2.539448  4.293921 21.434313    -0.003921   -0.006918   -0.090976
      6.674746  2.844691 18.896270     0.008470    0.003714   -0.063647
      5.034143  2.852458 21.423150    -0.007877   -0.004081   -0.081668
      9.164359  1.409824 18.868593     0.009502    0.001407   -0.035347
      7.528150  1.413119 21.396740    -0.009812   -0.001572   -0.056867
     11.655939 -0.026452 18.837070     0.008683   -0.000026   -0.004005
     10.018221 -0.026550 21.363716    -0.009645   -0.000055   -0.024075
     14.147966 -1.463991 18.809166     0.006270   -0.000186    0.022061
     12.504482 -1.465714 21.331429    -0.007724    0.000369    0.006999
     16.640093 -2.901549 18.793553     0.002900    0.000906    0.036670
     14.988978 -2.902008 21.308663    -0.004605   -0.000310    0.028690
     19.132435 -4.340609 18.794531    -0.000550    0.002896    0.036655
     17.472535 -4.337340 21.301199    -0.001027   -0.001956    0.036389
     21.625383 -5.778992 18.811176    -0.003185    0.005272    0.021999
     19.957662 -5.771041 21.309728     0.002196   -0.004222    0.028675
     24.117211 -7.217056 18.839974    -0.004258    0.007439   -0.004146
     22.445391 -7.202758 21.333261     0.004354   -0.006570    0.006924
     26.606832 -8.656900 18.872453    -0.003427    0.008863   -0.035574
     24.935706 -8.636163 21.366553     0.004922   -0.008445   -0.024236
     29.094337-10.095616 18.900452    -0.000909    0.009123   -0.063894
     27.428617-10.073663 21.400213     0.003655   -0.009343   -0.057138
      1.703494  8.589906 18.881601     0.001989    0.009441   -0.044039
      0.045715  8.613186 21.389269     0.000682   -0.009570   -0.044128
      4.189694  7.153355 18.886834     0.004941    0.008426   -0.050853
      2.539261  7.172474 21.403963    -0.002704   -0.008892   -0.058402
      6.676213  5.717872 18.878292     0.007294    0.006382   -0.043891
      5.032997  5.731883 21.402424    -0.006247   -0.006839   -0.058275
      9.165216  4.283663 18.859383     0.008437    0.003853   -0.025460
      7.526454  4.292923 21.385787    -0.008514   -0.004220   -0.043875
     11.656305  2.848626 18.834263     0.008055    0.001548   -0.001228
     10.017018  2.853030 21.360166    -0.008917   -0.001941   -0.019697
     14.147954  1.412369 18.808691     0.006281    0.000144    0.022099
     12.504404  1.413199 21.331001    -0.007713   -0.000487    0.007029
     16.639786 -0.024317 18.790434     0.003593   -0.000017    0.038641
     14.990231 -0.024465 21.306278    -0.005275   -0.000053    0.029173
     19.131947 -1.463176 18.784600     0.000691    0.001045    0.044584
     17.475033 -1.461893 21.292967    -0.002238   -0.000748    0.041533
     21.624686 -2.901550 18.792212    -0.001688    0.003027    0.038621
     19.961027 -2.897500 21.293471     0.000663   -0.002424    0.041538
     24.116593 -4.339871 18.811930    -0.002906    0.005439    0.022029
     22.449038 -4.329916 21.307968     0.002778   -0.004704    0.029165
     26.606635 -5.780349 18.838161    -0.002585    0.007679   -0.001367
     24.938793 -5.762519 21.334000     0.003603   -0.007034    0.006947
     29.094859 -7.220016 18.864177    -0.000783    0.009165   -0.025654
     27.430560 -7.198245 21.363732     0.002890   -0.008791   -0.019866
      1.705157 11.466448 18.846689     0.001283    0.008193   -0.008969
      0.047071 11.486618 21.353861     0.000654   -0.007831   -0.008172
      4.191863 10.028709 18.853939     0.003620    0.008425   -0.017896
      2.539350 10.047580 21.368856    -0.001749   -0.008397   -0.022577
      6.678534  8.592284 18.852279     0.005555    0.007311   -0.017848
      5.031618  8.608379 21.373203    -0.004375   -0.007618   -0.027936
      9.167121  7.157876 18.842800     0.006525    0.005176   -0.008865
      7.523843  7.170484 21.366188    -0.006335   -0.005710   -0.022462
     11.657612  5.723561 18.827094     0.006276    0.002639    0.006134
     10.014092  5.731153 21.350449    -0.007009   -0.003345   -0.008039
     14.148706  4.288426 18.808474     0.004946    0.000404    0.022797
     12.502061  4.291320 21.329188    -0.006354   -0.001220    0.010704
     16.640163  2.852844 18.792662     0.002906   -0.000934    0.036760
     14.988941  2.852943 21.307861    -0.004596    0.000219    0.028762
     19.132037  1.414686 18.784207     0.000687   -0.001071    0.044640
     17.475092  1.413832 21.292574    -0.002239    0.000643    0.041577
     21.624654 -0.023607 18.784917    -0.001161   -0.000008    0.044640
     19.962478 -0.024215 21.287023     0.000097   -0.000057    0.046199
     24.116546 -1.461838 18.795481    -0.002170    0.001985    0.036748
     22.451642 -1.458593 21.293559     0.001860   -0.001732    0.041605
     26.606780 -2.902368 18.812513    -0.002050    0.004425    0.022746
     24.941741 -2.891673 21.310473     0.002641   -0.003992    0.028773
     29.095639 -4.342583 18.831970    -0.000791    0.006703    0.006040
     27.433075 -4.326543 21.332521     0.002225   -0.006218    0.010655
      1.706441 14.344385 18.820389     0.000675    0.004726    0.015742
      0.048465 14.356497 21.328111     0.000578   -0.004405    0.016793
      4.193851 12.905655 18.824503     0.002325    0.006179    0.009588
      2.539645 12.919097 21.338218    -0.001170   -0.005862    0.007022
      6.680999 11.468004 18.824791     0.003647    0.006318    0.007273
      5.030360 11.481354 21.342576    -0.002854   -0.006292    0.001005
      9.169679 10.032600 18.821993     0.004194    0.005108    0.009621
      7.521218 10.044761 21.341353    -0.004045   -0.005575    0.001027
     11.659800  8.598244 18.816162     0.003774    0.002958    0.015777
     10.010530  8.606629 21.335309    -0.004473   -0.003900    0.007061
     14.150281  7.163823 18.807807     0.002582    0.000498    0.023787
     12.498355  7.167597 21.324852    -0.004041   -0.001681    0.016807
     16.641282  5.729196 18.799254     0.000994   -0.001634    0.031421
     14.985651  5.729063 21.311831    -0.002763    0.000423    0.027503
     19.132686  4.292037 18.793389    -0.000560   -0.002911    0.036811
     17.472685  4.288989 21.300079    -0.001032    0.001879    0.036512
     21.624938  2.854313 18.791545    -0.001709   -0.003039    0.038748
     19.961205  2.849010 21.292775     0.000648    0.002327    0.041639
     24.116710  1.416303 18.795215    -0.002188   -0.001985    0.036818
     22.451757  1.412096 21.293228     0.001847    0.001630    0.041665
     26.606985 -0.023941 18.802939    -0.001883    0.000002    0.031417
     24.943037 -0.022664 21.301980     0.002270   -0.000052    0.036562
     29.096215 -1.464161 18.812844    -0.000850    0.002453    0.023766
     27.434863 -1.457694 21.314744     0.001819   -0.002269    0.027540
      1.707046 17.223002 18.810523     0.000415    0.000003    0.024602
      0.049141 17.224292 21.318458     0.000533   -0.000028    0.025686
      4.195126 15.783654 18.807212     0.001517    0.002265    0.025022
      2.539974 15.788217 21.320658    -0.000866   -0.002104    0.023438
      6.682898 14.344859 18.804171     0.002134    0.003653    0.025156
      5.029631 14.351942 21.319717    -0.001929   -0.003495    0.021534
      9.172089 12.908137 18.803046     0.002030    0.003719    0.025159
      7.519286 12.916522 21.318161    -0.002341   -0.003926    0.020718
     11.662360 11.472962 18.803918     0.001148    0.002496    0.025028
     10.007641 11.479523 21.317950    -0.002139   -0.003330    0.021527
     14.152642 10.038581 18.805980    -0.000238    0.000414    0.024610
     12.494697 10.041781 21.317485    -0.001427   -0.001729    0.023413
     16.643303  8.604597 18.807884    -0.001693   -0.001940    0.023823
     14.981705  8.603867 21.315352    -0.000280    0.000492    0.025643
     19.134239  7.168446 18.809160    -0.002777   -0.003998    0.022879
     17.469008  7.163407 21.312049     0.001052    0.002653    0.027543
     21.625857  5.731682 18.809961    -0.003223   -0.005273    0.022232
     19.957982  5.722361 21.308432     0.002165    0.004171    0.028860
     24.117053  4.294372 18.811160    -0.002954   -0.005436    0.022228
     22.449345  4.283351 21.307037     0.002741    0.004631    0.029339
     26.607162  2.854490 18.812164    -0.002094   -0.004419    0.022869
     24.942012  2.846334 21.309882     0.002610    0.003900    0.028898
     29.096406  1.414563 18.812726    -0.000877   -0.002444    0.023814
     27.434995  1.410021 21.314616     0.001801    0.002187    0.027595
      1.706836 20.101573 18.820372     0.000615   -0.004721    0.015796
      0.048698 20.092107 21.327865     0.000542    0.004355    0.016881
      4.195332 18.662006 18.807336     0.001487   -0.002248    0.025035
      2.540068 18.656409 21.320698    -0.000885    0.002087    0.023464
      6.683732 17.222377 18.796722     0.001546    0.000013    0.031591
      5.029445 17.221423 21.311580    -0.001607    0.000006    0.028858
      9.173587 15.784388 18.792105     0.000709    0.001371    0.033955
      7.518317 15.787192 21.304591    -0.001474   -0.001382    0.031881
     11.664418 14.347976 18.794512    -0.000877    0.001426    0.031591
     10.005970 14.351093 21.303920    -0.000616   -0.001860    0.031872
     14.155107 12.912834 18.803540    -0.002788    0.000249    0.025048
     12.492258 12.914420 21.309209     0.000680   -0.001274    0.028831
     16.645840 11.478883 18.815819    -0.004471   -0.001745    0.015835
     14.978516 11.477666 21.317242     0.002156    0.000372    0.023437
     19.136600 10.043566 18.827132    -0.005424   -0.004030    0.006233
     17.465477 10.037684 21.324797     0.003456    0.002709    0.016866
     21.627572  8.607834 18.834991    -0.005364   -0.006096   -0.001090
     19.954368  8.596331 21.329624     0.004244    0.004987    0.010811
     24.117886  7.171595 18.838869    -0.004327   -0.007429   -0.003853
     22.445828  7.156102 21.331926     0.004298    0.006551    0.007186
     26.607329  5.732479 18.837525    -0.002664   -0.007668   -0.001141
     24.939247  5.717127 21.332952     0.003546    0.006977    0.007182
     29.096178  4.292990 18.831637    -0.000867   -0.006693    0.006175
     27.433422  4.278825 21.332138     0.002175    0.006154    0.010814
      1.705866 22.979407 18.846643     0.001178   -0.008189   -0.008875
      0.047485 22.962034 21.353443     0.000586    0.007796   -0.008014
      4.194422 21.539898 18.824830     0.002243   -0.006168    0.009618
      2.539910 21.525550 21.338287    -0.001223    0.005843    0.007090
      6.683235 20.099869 18.804582     0.002085   -0.003632    0.025154
      5.029855 20.090920 21.320063    -0.001962    0.003504    0.021554
      9.173688 18.660940 18.792447     0.000690   -0.001339    0.033942
      7.518413 18.657775 21.304868    -0.001486    0.001427    0.031877
     11.665218 17.223215 18.791263    -0.001652    0.000019    0.033944
     10.005501 17.222623 21.298563    -0.000109    0.000036    0.035645
     14.156646 15.786871 18.801845    -0.004324    0.000088    0.025171
     12.491242 15.786721 21.303439     0.001795   -0.000444    0.031867
     16.647976 14.352215 18.820956    -0.006583   -0.001043    0.009678
     14.976827 14.351067 21.317138     0.003847    0.000183    0.021551
     19.139059 12.917102 18.842147    -0.007785   -0.002983   -0.008762
     17.463104 12.912326 21.334624     0.005543    0.001967    0.007124
     21.629684 11.482246 18.859596    -0.007585   -0.005273   -0.025330
     19.951445 11.471571 21.350315     0.006371    0.004487   -0.007927
     24.119307 10.047176 18.870390    -0.006001   -0.007412   -0.035230
     22.442658 10.031006 21.360816     0.006130    0.006870   -0.019546
     26.607691  8.609056 18.871676    -0.003521   -0.008844   -0.035291
     24.936238  8.590694 21.365256     0.004848    0.008447   -0.023929
     29.095642  7.170432 18.863704    -0.000889   -0.009154   -0.025460
     27.431044  7.150468 21.363120     0.002814    0.008763   -0.019625
      1.704357 25.855837 18.881541     0.001866   -0.009441   -0.043933
      0.046204 25.835510 21.388780     0.000592    0.009562   -0.043937
      4.192670 24.416691 18.854388     0.003506   -0.008428   -0.017864
      2.539740 24.397115 21.368938    -0.001830    0.008376   -0.022491
      6.681605 22.976657 18.825524     0.003561   -0.006312    0.007263
      5.030761 22.961551 21.343178    -0.002913    0.006284    0.001031
      9.172370 21.537247 18.804004     0.001976   -0.003699    0.025121
      7.519524 21.528551 21.318963    -0.002379    0.003955    0.020709
     11.664466 20.098483 18.795359    -0.000903   -0.001393    0.031544
     10.006094 20.094266 21.304603    -0.000635    0.001922    0.031846
     14.156628 18.660893 18.802277    -0.004332   -0.000046    0.025134
     12.491284 18.659184 21.303828     0.001791    0.000536    0.031842
     16.648752 17.225116 18.822927    -0.007376    0.000023    0.007309
     14.976345 17.224551 21.316908     0.004433    0.000059    0.020713
     19.140592 15.789382 18.850641    -0.009172   -0.001085   -0.017748
     17.462008 15.787309 21.340081     0.006736    0.000757    0.001074
     21.631462 14.354799 18.877439    -0.009225   -0.003025   -0.043757
     19.949706 14.348121 21.365349     0.008038    0.002719   -0.022358
     24.120907 12.920680 18.897362    -0.007498   -0.005369   -0.063545
     22.440565 12.908319 21.385948     0.007873    0.005380   -0.043738
     26.608352 11.483611 18.905249    -0.004461   -0.007588   -0.071026
     24.934055 11.467535 21.398139     0.006230    0.007842   -0.056779
     29.095168 10.046072 18.899977    -0.001019   -0.009110   -0.063686
     27.429121 10.025840 21.399523     0.003567    0.009362   -0.056868
      1.702813 28.730224 18.915612     0.002409   -0.008149   -0.080563
      0.045337 28.712855 21.425054     0.000424    0.008946   -0.081765
      4.190543 27.291923 18.887295     0.004823   -0.008443   -0.050834
      2.539683 27.272293 21.404024    -0.002795    0.008868   -0.058326
      6.679282 25.852315 18.853190     0.005452   -0.007326   -0.017875
      5.032081 25.834612 21.373903    -0.004450    0.007585   -0.027926
      9.170108 24.412903 18.823349     0.004117   -0.005109    0.009560
      7.521570 24.400477 21.342465    -0.004103    0.005571    0.000997
     11.662470 22.973579 18.805395     0.001101   -0.002479    0.024944
     10.007872 22.966120 21.319172    -0.002176    0.003363    0.021477
     14.155064 21.534999 18.804739    -0.002810   -0.000217    0.024947
     12.492371 21.531704 21.310299     0.000667    0.001343    0.028765
     16.647864 20.098097 18.821849    -0.006586    0.001085    0.009577
     14.976810 20.098174 21.317869     0.003852   -0.000078    0.021475
     19.140480 18.661278 18.851132    -0.009167    0.001134   -0.017818
     17.461927 18.662522 21.340519     0.006744   -0.000622    0.001017
     21.632053 17.226094 18.884302    -0.009820    0.000022   -0.050710
     19.949056 17.225188 21.371228     0.008681    0.000080   -0.027839
     24.121925 15.792123 18.913339    -0.008357   -0.001933   -0.080421
     22.439568 15.787032 21.401265     0.008978    0.002122   -0.058122
     26.609008 14.355825 18.929999    -0.005186   -0.004308   -0.098171
     24.932872 14.346912 21.423339     0.007419    0.004925   -0.081591
     29.094917 12.919418 18.931164    -0.001237   -0.006593   -0.098230
     27.428092 12.904674 21.432353     0.004243    0.007478   -0.090548
      1.701559 31.602330 18.939958     0.002694   -0.004682   -0.108374
      0.044910 31.592981 21.453007     0.000127    0.005521   -0.110385
      4.188583 30.165302 18.914427     0.005826   -0.006213   -0.080544
      2.539782 30.150902 21.434340    -0.003991    0.006891   -0.090924
      6.676893 28.726711 18.879132     0.007203   -0.006417   -0.043929
      5.033405 28.711219 21.403026    -0.006320    0.006781   -0.058293
      9.167607 27.287810 18.844222     0.006445   -0.005200   -0.008940
      7.524247 27.274964 21.367307    -0.006399    0.005665   -0.022518
     11.659974 25.848439 18.817885     0.003716   -0.002964    0.015672
     10.010861 25.839407 21.336729    -0.004522    0.003885    0.006989
     14.152622 24.409378 18.807644    -0.000270   -0.000401    0.024472
     12.494886 24.404703 21.318984    -0.001450    0.001751    0.023321
     16.645666 22.971644 18.817371    -0.004476    0.001773    0.015666
     14.978488 22.971929 21.318534     0.002159   -0.000308    0.023312
     19.138748 21.533691 18.843462    -0.007771    0.003022   -0.008946
     17.462864 21.537760 21.335818     0.005564   -0.001866    0.006979
     21.631148 20.097445 18.878243    -0.009201    0.003064   -0.043924
     19.949489 20.102344 21.366179     0.008066   -0.002580   -0.022500
     24.121730 18.662589 18.913643    -0.008337    0.001968   -0.080517
     22.439444 18.666050 21.401679     0.008999   -0.001969   -0.058212
     26.609121 17.226120 18.939349    -0.005441    0.000021   -0.108361
     24.932342 17.227222 21.433275     0.007917    0.000079   -0.090828
     29.094718 15.790376 18.949185    -0.001406   -0.002384   -0.118780
     27.427624 15.785469 21.452626     0.004633    0.002924   -0.110338
